<?xml version="1.0" encoding="UTF-8"?>
<testsuite xmlns:xsi="http://www.w3.org/2001/XMLSchema-instance" xsi:noNamespaceSchemaLocation="https://maven.apache.org/surefire/maven-surefire-plugin/xsd/surefire-test-report-3.0.xsd" version="3.0" name="com.pawel.AppTest" time="0.046" tests="1" errors="0" skipped="0" failures="0">
  <properties>
    <property name="java.specification.version" value="23"/>
    <property name="sun.cpu.isalist" value="amd64"/>
    <property name="sun.jnu.encoding" value="Cp1250"/>
    <property name="java.class.path" value="c:\Users\palic\Desktop\python_projects\bike_search_egine\bike-search-engine\target\test-classes;c:\Users\palic\Desktop\python_projects\bike_search_egine\bike-search-engine\target\classes;C:\Users\palic\.m2\repository\junit\junit\4.11\junit-4.11.jar;C:\Users\palic\.m2\repository\org\hamcrest\hamcrest-core\1.3\hamcrest-core-1.3.jar;C:\Users\palic\.m2\repository\org\openjfx\javafx-base\17\javafx-base-17.jar;C:\Users\palic\.m2\repository\org\openjfx\javafx-base\17\javafx-base-17-win.jar;C:\Users\palic\.m2\repository\org\openjfx\javafx-controls\17\javafx-controls-17.jar;C:\Users\palic\.m2\repository\org\openjfx\javafx-controls\17\javafx-controls-17-win.jar;C:\Users\palic\.m2\repository\org\openjfx\javafx-fxml\17\javafx-fxml-17.jar;C:\Users\palic\.m2\repository\org\openjfx\javafx-fxml\17\javafx-fxml-17-win.jar;C:\Users\palic\.m2\repository\org\openjfx\javafx-graphics\17\javafx-graphics-17.jar;C:\Users\palic\.m2\repository\org\openjfx\javafx-graphics\17\javafx-graphics-17-win.jar;C:\Users\palic\.m2\repository\org\openjfx\javafx-media\17\javafx-media-17.jar;C:\Users\palic\.m2\repository\org\openjfx\javafx-media\17\javafx-media-17-win.jar;C:\Users\palic\.m2\repository\org\openjfx\javafx-swing\17\javafx-swing-17.jar;C:\Users\palic\.m2\repository\org\openjfx\javafx-swing\17\javafx-swing-17-win.jar;C:\Users\palic\.m2\repository\org\openjfx\javafx-web\17\javafx-web-17.jar;C:\Users\palic\.m2\repository\org\openjfx\javafx-web\17\javafx-web-17-win.jar;C:\Users\palic\.m2\repository\com\google\code\gson\gson\2.8.8\gson-2.8.8.jar;C:\Users\palic\.m2\repository\org\json\json\20210307\json-20210307.jar;"/>
    <property name="java.vm.vendor" value="Azul Systems, Inc."/>
    <property name="sun.arch.data.model" value="64"/>
    <property name="user.variant" value=""/>
    <property name="java.vendor.url" value="http://www.azul.com/"/>
    <property name="user.timezone" value="Europe/Prague"/>
    <property name="os.name" value="Windows 10"/>
    <property name="java.vm.specification.version" value="23"/>
    <property name="sun.java.launcher" value="SUN_STANDARD"/>
    <property name="user.country" value="CZ"/>
    <property name="sun.boot.library.path" value="C:\Users\palic\Documents\zulu23.30.13-ca-fx-jdk23.0.1-win_x64\bin"/>
    <property name="sun.java.command" value="C:\Users\palic\AppData\Local\Temp\surefire17059175334448169732\surefirebooter-20250120010138788_3.jar C:\Users\palic\AppData\Local\Temp\surefire17059175334448169732 2025-01-20T01-01-38_647-jvmRun1 surefire-20250120010138788_1tmp surefire_0-20250120010138788_2tmp"/>
    <property name="jdk.debug" value="release"/>
    <property name="surefire.test.class.path" value="c:\Users\palic\Desktop\python_projects\bike_search_egine\bike-search-engine\target\test-classes;c:\Users\palic\Desktop\python_projects\bike_search_egine\bike-search-engine\target\classes;C:\Users\palic\.m2\repository\junit\junit\4.11\junit-4.11.jar;C:\Users\palic\.m2\repository\org\hamcrest\hamcrest-core\1.3\hamcrest-core-1.3.jar;C:\Users\palic\.m2\repository\org\openjfx\javafx-base\17\javafx-base-17.jar;C:\Users\palic\.m2\repository\org\openjfx\javafx-base\17\javafx-base-17-win.jar;C:\Users\palic\.m2\repository\org\openjfx\javafx-controls\17\javafx-controls-17.jar;C:\Users\palic\.m2\repository\org\openjfx\javafx-controls\17\javafx-controls-17-win.jar;C:\Users\palic\.m2\repository\org\openjfx\javafx-fxml\17\javafx-fxml-17.jar;C:\Users\palic\.m2\repository\org\openjfx\javafx-fxml\17\javafx-fxml-17-win.jar;C:\Users\palic\.m2\repository\org\openjfx\javafx-graphics\17\javafx-graphics-17.jar;C:\Users\palic\.m2\repository\org\openjfx\javafx-graphics\17\javafx-graphics-17-win.jar;C:\Users\palic\.m2\repository\org\openjfx\javafx-media\17\javafx-media-17.jar;C:\Users\palic\.m2\repository\org\openjfx\javafx-media\17\javafx-media-17-win.jar;C:\Users\palic\.m2\repository\org\openjfx\javafx-swing\17\javafx-swing-17.jar;C:\Users\palic\.m2\repository\org\openjfx\javafx-swing\17\javafx-swing-17-win.jar;C:\Users\palic\.m2\repository\org\openjfx\javafx-web\17\javafx-web-17.jar;C:\Users\palic\.m2\repository\org\openjfx\javafx-web\17\javafx-web-17-win.jar;C:\Users\palic\.m2\repository\com\google\code\gson\gson\2.8.8\gson-2.8.8.jar;C:\Users\palic\.m2\repository\org\json\json\20210307\json-20210307.jar;"/>
    <property name="sun.cpu.endian" value="little"/>
    <property name="user.home" value="C:\Users\palic"/>
    <property name="user.language" value="cs"/>
    <property name="java.specification.vendor" value="Oracle Corporation"/>
    <property name="java.version.date" value="2024-10-15"/>
    <property name="java.home" value="C:\Users\palic\Documents\zulu23.30.13-ca-fx-jdk23.0.1-win_x64"/>
    <property name="file.separator" value="\"/>
    <property name="basedir" value="c:\Users\palic\Desktop\python_projects\bike_search_egine\bike-search-engine"/>
    <property name="java.vm.compressedOopsMode" value="Zero based"/>
    <property name="line.separator" value="&#10;"/>
    <property name="java.vm.specification.vendor" value="Oracle Corporation"/>
    <property name="java.specification.name" value="Java Platform API Specification"/>
    <property name="surefire.real.class.path" value="C:\Users\palic\AppData\Local\Temp\surefire17059175334448169732\surefirebooter-20250120010138788_3.jar"/>
    <property name="user.script" value=""/>
    <property name="sun.management.compiler" value="HotSpot 64-Bit Tiered Compilers"/>
    <property name="java.runtime.version" value="23.0.1+11"/>
    <property name="user.name" value="palic"/>
    <property name="stdout.encoding" value="Cp1250"/>
    <property name="path.separator" value=";"/>
    <property name="os.version" value="10.0"/>
    <property name="java.runtime.name" value="OpenJDK Runtime Environment"/>
    <property name="file.encoding" value="UTF-8"/>
    <property name="java.vm.name" value="OpenJDK 64-Bit Server VM"/>
    <property name="java.vendor.version" value="Zulu23.30+13-CA"/>
    <property name="localRepository" value="C:\Users\palic\.m2\repository"/>
    <property name="java.vendor.url.bug" value="http://www.azul.com/support/"/>
    <property name="java.io.tmpdir" value="C:\Users\palic\AppData\Local\Temp\"/>
    <property name="java.version" value="23.0.1"/>
    <property name="user.dir" value="c:\Users\palic\Desktop\python_projects\bike_search_egine\bike-search-engine"/>
    <property name="os.arch" value="amd64"/>
    <property name="java.vm.specification.name" value="Java Virtual Machine Specification"/>
    <property name="sun.os.patch.level" value=""/>
    <property name="native.encoding" value="Cp1250"/>
    <property name="java.library.path" value="C:\Users\palic\Documents\zulu23.30.13-ca-fx-jdk23.0.1-win_x64\bin;C:\WINDOWS\Sun\Java\bin;C:\WINDOWS\system32;C:\WINDOWS;C:\Users\palic\Documents\zulu23.30.13-ca-fx-jdk23.0.1-win_x64\bin;C:\Program Files (x86)\Common Files\Intel\Shared Libraries\redist\intel64_win\compiler;C:\Program Files (x86)\Common Files\Intel\Shared Libraries\redist\intel64\compiler;E:\Program Files (x86)\Scripts\;E:\flutter_windows_3.19.6-stable\flutter\bin;E:\Program Files (x86)\;C:\WINDOWS\system32;C:\WINDOWS;C:\WINDOWS\System32\Wbem;C:\WINDOWS\System32\WindowsPowerShell\v1.0\;C:\WINDOWS\System32\OpenSSH\;C:\Program Files\Microsoft SQL Server\120\Tools\Binn\;C:\Program Files\AMD\StoreMI\ECmd;E:\Program Files (x86)\Windows Performance Toolkit\;E:\Program Files (x86)\bin;C:\Program Files\Microsoft SQL Server\130\Tools\Binn\;C:\Program Files (x86)\Windows Kits\8.1\Windows Performance Toolkit\;C:\Program Files\Common Files\Autodesk Shared\;C:\WINDOWS\system32;C:\WINDOWS;C:\WINDOWS\System32\Wbem;C:\WINDOWS\System32\WindowsPowerShell\v1.0\;C:\WINDOWS\System32\OpenSSH\;C:\Program Files\Docker\Docker\resources\bin;C:\ProgramData\DockerDesktop\version-bin;C:\Program Files\Microsoft SQL Server\150\Tools\Binn\;C:\Program Files\Microsoft SQL Server\Client SDK\ODBC\170\Tools\Binn\;C:\Program Files\dotnet\;C:\Program Files\Git\cmd;C:\Gradle\gradle-8.2\bin;F:\NodeJs\;C:\Program Files (x86)\NVIDIA Corporation\PhysX\Common;C:\Program Files\NVIDIA Corporation\NVIDIA app\NvDLISR;C:\Users\palic\Desktop\apache-maven-3.9.9\bin;C:\Users\palic\AppData\Local\Microsoft\WindowsApps;C:\Users\palic\AppData\Local\Programs\Microsoft VS Code\bin;C:\Users\palic\.dotnet\tools;C:\Program Files\JetBrains\IntelliJ IDEA Community Edition 2022.3.1\bin;;C:\Users\palic\.dotnet\tools;C:\Users\palic\AppData\Local\GitHubDesktop\bin;C:\Users\palic\AppData\Roaming\npm;c:\Users\palic\AppData\Roaming\Code\User\globalStorage\github.copilot-chat\debugCommand;."/>
    <property name="java.vm.info" value="mixed mode, sharing"/>
    <property name="stderr.encoding" value="Cp1250"/>
    <property name="java.vendor" value="Azul Systems, Inc."/>
    <property name="java.vm.version" value="23.0.1+11"/>
    <property name="sun.io.unicode.encoding" value="UnicodeLittle"/>
    <property name="java.class.version" value="67.0"/>
  </properties>
  <testcase name="shouldAnswerWithTrue" classname="com.pawel.AppTest" time="0.003"/>
</testsuite>